<?xml version="1.0" encoding="UTF-8"?>
<!-- Generated by org.testng.reporters.JUnitReportReporter -->
<testsuite hostname="DESKTOP-GGGM9CI" failures="0" tests="1" name="testCases.TC_002_LoginTest" time="0.000" errors="0" timestamp="2024-01-30T13:35:59 IST" skipped="1">
  <testcase classname="testCases.TC_002_LoginTest" name="verify_login" time="0.000">
    <skipped/>
  </testcase> <!-- verify_login -->
</testsuite> <!-- testCases.TC_002_LoginTest -->
