<?xml version="1.0" encoding="UTF-8"?>
<!-- Generated by org.testng.reporters.JUnitReportReporter -->
<testsuite hostname="DESKTOP-GGGM9CI" failures="0" tests="1" name="testCases.AccountRegistrationTest" time="2.726" errors="0" timestamp="2023-12-25T21:07:16 IST" skipped="0">
  <testcase classname="testCases.AccountRegistrationTest" name="verify_account_registration" time="2.726"/>
</testsuite> <!-- testCases.AccountRegistrationTest -->
